<?xml version="1.0" encoding="UTF-8"?>
<!-- Generated by org.testng.reporters.JUnitReportReporter -->
<testsuite hostname="DESKTOP-9HD1UFT" failures="0" tests="1" name="driverFactory.AppTest" time="27.348" errors="0" timestamp="2024-01-08T17:37:08 IST" skipped="0">
  <testcase classname="driverFactory.AppTest" name="startTest" time="27.348">
    <system-out>
      <![CDATA[No of rows are::5
Username and password are Valid::dashboard------http://webapp.qedgetech.com/dashboard.php
Incorrect user ID or password-----dashboard--------http://webapp.qedgetech.com/login.php
Username and password are Valid::dashboard------http://webapp.qedgetech.com/dashboard.php
Incorrect user ID or password-----dashboard--------http://webapp.qedgetech.com/login.php
Username and password are Valid::dashboard------http://webapp.qedgetech.com/dashboard.php]]>
    </system-out>
  </testcase> <!-- startTest -->
  <system-out>
    <![CDATA[No of rows are::5
Username and password are Valid::dashboard------http://webapp.qedgetech.com/dashboard.php
Incorrect user ID or password-----dashboard--------http://webapp.qedgetech.com/login.php
Username and password are Valid::dashboard------http://webapp.qedgetech.com/dashboard.php
Incorrect user ID or password-----dashboard--------http://webapp.qedgetech.com/login.php
Username and password are Valid::dashboard------http://webapp.qedgetech.com/dashboard.php]]>
  </system-out>
</testsuite> <!-- driverFactory.AppTest -->
